<?xml version="1.0" encoding="utf-8" standalone="no"?>
<test-run id="2" testcasecount="8" result="Passed" total="8" passed="8" failed="0" inconclusive="0" skipped="0" asserts="24" engine-version="3.8.0.0" clr-version="4.0.30319.42000" start-time="2019-11-22 13:06:21Z" end-time="2019-11-22 13:06:23Z" duration="2.646201">
  <command-line><![CDATA[/var/build/workspace/build-platform-sdks/platform-client-sdk-common/resources/sdk/pureclouddotnet/bin/nunit/nunit3-console.exe /var/build/workspace/build-platform-sdks/platform-client-sdk-common/output/pureclouddotnet/build/bin/PureCloudPlatform.Client.V2.Tests.dll]]></command-line>
  <test-suite type="Assembly" id="0-1009" name="PureCloudPlatform.Client.V2.Tests.dll" fullname="/var/build/workspace/build-platform-sdks/platform-client-sdk-common/output/pureclouddotnet/build/bin/PureCloudPlatform.Client.V2.Tests.dll" runstate="Runnable" testcasecount="8" result="Passed" start-time="2019-11-22 13:06:21Z" end-time="2019-11-22 13:06:23Z" duration="1.813179" total="8" passed="8" failed="0" warnings="0" inconclusive="0" skipped="0" asserts="24">
    <environment framework-version="3.10.1.0" clr-version="4.0.30319.42000" os-version="Unix 4.14.146.93" platform="Unix" cwd="/var/build/workspace/build-platform-sdks/platform-client-sdk-common/output/pureclouddotnet/build" machine-name="jslave-traditional-10-25-195-85" user="jenkins" user-domain="jslave-traditional-10-25-195-85" culture="en-US" uiculture="en-US" os-architecture="x64" />
    <settings>
      <setting name="DisposeRunners" value="True" />
      <setting name="WorkDirectory" value="/var/build/workspace/build-platform-sdks/platform-client-sdk-common/output/pureclouddotnet/build" />
      <setting name="ImageRuntimeVersion" value="4.0.30319" />
      <setting name="ImageRequiresX86" value="False" />
      <setting name="ImageRequiresDefaultAppDomainAssemblyResolver" value="False" />
      <setting name="NumberOfTestWorkers" value="4" />
    </settings>
    <properties>
      <property name="_PID" value="14458" />
      <property name="_APPDOMAIN" value="domain-" />
    </properties>
    <test-suite type="TestSuite" id="0-1010" name="PureCloudPlatform" fullname="PureCloudPlatform" runstate="Runnable" testcasecount="8" result="Passed" start-time="2019-11-22 13:06:21Z" end-time="2019-11-22 13:06:23Z" duration="1.800597" total="8" passed="8" failed="0" warnings="0" inconclusive="0" skipped="0" asserts="24">
      <test-suite type="TestSuite" id="0-1011" name="Client" fullname="PureCloudPlatform.Client" runstate="Runnable" testcasecount="8" result="Passed" start-time="2019-11-22 13:06:21Z" end-time="2019-11-22 13:06:23Z" duration="1.800422" total="8" passed="8" failed="0" warnings="0" inconclusive="0" skipped="0" asserts="24">
        <test-suite type="TestSuite" id="0-1012" name="V2" fullname="PureCloudPlatform.Client.V2" runstate="Runnable" testcasecount="8" result="Passed" start-time="2019-11-22 13:06:21Z" end-time="2019-11-22 13:06:23Z" duration="1.800401" total="8" passed="8" failed="0" warnings="0" inconclusive="0" skipped="0" asserts="24">
          <test-suite type="TestSuite" id="0-1013" name="Tests" fullname="PureCloudPlatform.Client.V2.Tests" runstate="Runnable" testcasecount="8" result="Passed" start-time="2019-11-22 13:06:21Z" end-time="2019-11-22 13:06:23Z" duration="1.800383" total="8" passed="8" failed="0" warnings="0" inconclusive="0" skipped="0" asserts="24">
            <test-suite type="TestFixture" id="0-1000" name="SdkTests" fullname="PureCloudPlatform.Client.V2.Tests.SdkTests" classname="PureCloudPlatform.Client.V2.Tests.SdkTests" runstate="Runnable" testcasecount="8" result="Passed" start-time="2019-11-22 13:06:21Z" end-time="2019-11-22 13:06:23Z" duration="1.798517" total="8" passed="8" failed="0" warnings="0" inconclusive="0" skipped="0" asserts="24">
              <properties>
                <property name="Timeout" value="60000" />
              </properties>
              <test-case id="0-1001" name="TraceBasicInformation" fullname="PureCloudPlatform.Client.V2.Tests.SdkTests.TraceBasicInformation" methodname="TraceBasicInformation" classname="PureCloudPlatform.Client.V2.Tests.SdkTests" runstate="Runnable" seed="1615966800" result="Passed" start-time="2019-11-22 13:06:21Z" end-time="2019-11-22 13:06:21Z" duration="0.014301" asserts="6">
                <properties>
                  <property name="Order" value="0" />
                </properties>
                <output><![CDATA[PURECLOUD_ENVIRONMENT=mypurecloud.com
PURECLOUD_CLIENT_ID=7de3af06-c0b3-4f9b-af45-72f4a14037cc
userEmail=06e391b0-812a-4e4f-a13b-ac6ffc1fdedd@mypurecloud.com
]]></output>
              </test-case>
              <test-case id="0-1002" name="Authenticate" fullname="PureCloudPlatform.Client.V2.Tests.SdkTests.Authenticate" methodname="Authenticate" classname="PureCloudPlatform.Client.V2.Tests.SdkTests" runstate="Runnable" seed="61811757" result="Passed" start-time="2019-11-22 13:06:21Z" end-time="2019-11-22 13:06:22Z" duration="0.340318" asserts="1">
                <properties>
                  <property name="Order" value="1" />
                </properties>
              </test-case>
              <test-case id="0-1003" name="CreateUser" fullname="PureCloudPlatform.Client.V2.Tests.SdkTests.CreateUser" methodname="CreateUser" classname="PureCloudPlatform.Client.V2.Tests.SdkTests" runstate="Runnable" seed="963483276" result="Passed" start-time="2019-11-22 13:06:22Z" end-time="2019-11-22 13:06:22Z" duration="0.616948" asserts="2">
                <properties>
                  <property name="Order" value="2" />
                </properties>
                <output><![CDATA[Created user with ID 9b3fb259-430d-4d77-8313-0c578c2c8745
]]></output>
              </test-case>
              <test-case id="0-1004" name="UpdateUser" fullname="PureCloudPlatform.Client.V2.Tests.SdkTests.UpdateUser" methodname="UpdateUser" classname="PureCloudPlatform.Client.V2.Tests.SdkTests" runstate="Runnable" seed="432913881" result="Passed" start-time="2019-11-22 13:06:22Z" end-time="2019-11-22 13:06:23Z" duration="0.124991" asserts="4">
                <properties>
                  <property name="Order" value="3" />
                </properties>
              </test-case>
              <test-case id="0-1005" name="SetProfileSkills" fullname="PureCloudPlatform.Client.V2.Tests.SdkTests.SetProfileSkills" methodname="SetProfileSkills" classname="PureCloudPlatform.Client.V2.Tests.SdkTests" runstate="Runnable" seed="2114367208" result="Passed" start-time="2019-11-22 13:06:23Z" end-time="2019-11-22 13:06:23Z" duration="0.127172" asserts="2">
                <properties>
                  <property name="Order" value="4" />
                </properties>
              </test-case>
              <test-case id="0-1006" name="TestNotifications" fullname="PureCloudPlatform.Client.V2.Tests.SdkTests.TestNotifications" methodname="TestNotifications" classname="PureCloudPlatform.Client.V2.Tests.SdkTests" runstate="Runnable" seed="1714073779" result="Passed" start-time="2019-11-22 13:06:23Z" end-time="2019-11-22 13:06:23Z" duration="0.237039" asserts="2">
                <properties>
                  <property name="Order" value="5" />
                </properties>
              </test-case>
              <test-case id="0-1007" name="GetUser" fullname="PureCloudPlatform.Client.V2.Tests.SdkTests.GetUser" methodname="GetUser" classname="PureCloudPlatform.Client.V2.Tests.SdkTests" runstate="Runnable" seed="1126812932" result="Passed" start-time="2019-11-22 13:06:23Z" end-time="2019-11-22 13:06:23Z" duration="0.058809" asserts="7">
                <properties>
                  <property name="Order" value="6" />
                </properties>
              </test-case>
              <test-case id="0-1008" name="DeleteUser" fullname="PureCloudPlatform.Client.V2.Tests.SdkTests.DeleteUser" methodname="DeleteUser" classname="PureCloudPlatform.Client.V2.Tests.SdkTests" runstate="Runnable" seed="833042964" result="Passed" start-time="2019-11-22 13:06:23Z" end-time="2019-11-22 13:06:23Z" duration="0.201401" asserts="0">
                <properties>
                  <property name="Order" value="7" />
                </properties>
              </test-case>
            </test-suite>
          </test-suite>
        </test-suite>
      </test-suite>
    </test-suite>
  </test-suite>
</test-run>